Contents will be printed in order of the following: 
CarID, Direction, Arrival Time, Start Time, and End Time.

1
N
Fri May  8 22:48:13 2015
Fri May  8 22:48:13 2015
Fri May  8 22:48:14 2015

2
S
Fri May  8 22:48:13 2015
Fri May  8 22:48:14 2015
Fri May  8 22:48:15 2015

3
S
Fri May  8 22:48:13 2015
Fri May  8 22:48:15 2015
Fri May  8 22:48:16 2015

4
S
Fri May  8 22:48:13 2015
Fri May  8 22:48:16 2015
Fri May  8 22:48:17 2015

5
S
Fri May  8 22:48:13 2015
Fri May  8 22:48:17 2015
Fri May  8 22:48:18 2015

6
S
Fri May  8 22:48:13 2015
Fri May  8 22:48:18 2015
Fri May  8 22:48:19 2015

7
S
Fri May  8 22:48:13 2015
Fri May  8 22:48:19 2015
Fri May  8 22:48:20 2015

8
S
Fri May  8 22:48:33 2015
Fri May  8 22:48:33 2015
Fri May  8 22:48:34 2015

9
S
Fri May  8 22:48:33 2015
Fri May  8 22:48:34 2015
Fri May  8 22:48:35 2015

10
S
Fri May  8 22:48:33 2015
Fri May  8 22:48:35 2015
Fri May  8 22:48:36 2015

11
S
Fri May  8 22:48:33 2015
Fri May  8 22:48:36 2015
Fri May  8 22:48:37 2015

12
S
Fri May  8 22:48:33 2015
Fri May  8 22:48:37 2015
Fri May  8 22:48:38 2015

13
S
Fri May  8 22:48:33 2015
Fri May  8 22:48:38 2015
Fri May  8 22:48:39 2015

14
S
Fri May  8 22:48:33 2015
Fri May  8 22:48:39 2015
Fri May  8 22:48:40 2015

15
S
Fri May  8 22:48:33 2015
Fri May  8 22:48:40 2015
Fri May  8 22:48:41 2015

16
S
Fri May  8 22:48:33 2015
Fri May  8 22:48:41 2015
Fri May  8 22:48:42 2015

17
S
Fri May  8 22:48:33 2015
Fri May  8 22:48:42 2015
Fri May  8 22:48:43 2015

18
S
Fri May  8 22:48:33 2015
Fri May  8 22:48:43 2015
Fri May  8 22:48:44 2015

19
S
Fri May  8 22:48:33 2015
Fri May  8 22:48:44 2015
Fri May  8 22:48:45 2015

20
S
Fri May  8 22:48:33 2015
Fri May  8 22:48:45 2015
Fri May  8 22:48:46 2015

21
S
Fri May  8 22:48:33 2015
Fri May  8 22:48:46 2015
Fri May  8 22:48:47 2015

22
S
Fri May  8 22:48:33 2015
Fri May  8 22:48:47 2015
Fri May  8 22:48:48 2015

23
S
Fri May  8 22:48:33 2015
Fri May  8 22:48:48 2015
Fri May  8 22:48:49 2015

24
N
Fri May  8 22:48:33 2015
Fri May  8 22:48:49 2015
Fri May  8 22:48:50 2015

25
N
Fri May  8 22:48:33 2015
Fri May  8 22:48:50 2015
Fri May  8 22:48:51 2015

26
N
Fri May  8 22:48:53 2015
Fri May  8 22:48:53 2015
Fri May  8 22:48:54 2015

27
N
Fri May  8 22:48:53 2015
Fri May  8 22:48:54 2015
Fri May  8 22:48:55 2015

28
N
Fri May  8 22:48:53 2015
Fri May  8 22:48:55 2015
Fri May  8 22:48:56 2015

29
N
Fri May  8 22:48:53 2015
Fri May  8 22:48:56 2015
Fri May  8 22:48:57 2015

30
N
Fri May  8 22:48:53 2015
Fri May  8 22:48:57 2015
Fri May  8 22:48:58 2015

31
N
Fri May  8 22:48:53 2015
Fri May  8 22:48:58 2015
Fri May  8 22:48:59 2015

32
S
Fri May  8 22:48:53 2015
Fri May  8 22:48:59 2015
Fri May  8 22:49:00 2015

33
S
Fri May  8 22:48:53 2015
Fri May  8 22:49:00 2015
Fri May  8 22:49:01 2015

34
S
Fri May  8 22:48:53 2015
Fri May  8 22:49:01 2015
Fri May  8 22:49:02 2015

35
S
Fri May  8 22:48:53 2015
Fri May  8 22:49:02 2015
Fri May  8 22:49:03 2015

36
S
Fri May  8 22:48:53 2015
Fri May  8 22:49:03 2015
Fri May  8 22:49:04 2015

37
S
Fri May  8 22:48:53 2015
Fri May  8 22:49:04 2015
Fri May  8 22:49:05 2015

